<?xml version="1.0" encoding="UTF-8"?>
<testsuite failures="1" errors="0" skipped="0" tests="1" time="0.015848" name="Demo 3">
<testcase classname="Demo 3" name="Less often passes" time="0.015848">
  <failure message="failed Less often passes" type="failed">
    <![CDATA[Scenario: Less often passes

Given this step less often passes

Message:
]]>
    <![CDATA[expected: < 0.7
     got:   1.6368637233891985 (RSpec::Expectations::ExpectationNotMetError)
./features/step_definitions/steps.rb:8:in `"this step less often passes"'
features/demo_3.feature:5:in `Given this step less often passes']]>
  </failure>
  <system-out>
    <![CDATA[]]>
  </system-out>
  <system-err>
    <![CDATA[]]>
  </system-err>
</testcase>
</testsuite>
